Build started 7/23/2024 8:40:52 PM.
     1>Project "D:\download\KTLT_Buoi2\Bai2_Phan2\Bai2_Phan2\Bai2_Phan2.vcxproj" on node 2 (Build target(s)).
     1>ClCompile:
         D:\download\visual studio 2013\VC\bin\CL.exe /c /ZI /nologo /W3 /WX- /Od /Oy- /D WIN32 /D _DEBUG /D _CONSOLE /D _LIB /D _UNICODE /D UNICODE /Gm /EHsc /RTC1 /MDd /GS /fp:precise /Zc:wchar_t /Zc:forScope /Fo"Debug\\" /Fd"Debug\vc120.pdb" /Gd /TP /analyze- /errorReport:prompt Bai2_Phan2.cpp
         Bai2_Phan2.cpp
     1>d:\download\ktlt_buoi2\bai2_phan2\bai2_phan2\bai2_phan2.cpp(41): warning C4244: 'argument' : conversion from 'time_t' to 'unsigned int', possible loss of data
     1>d:\download\ktlt_buoi2\bai2_phan2\bai2_phan2\bai2_phan2.cpp(208): warning C4996: 'scanf': This function or variable may be unsafe. Consider using scanf_s instead. To disable deprecation, use _CRT_SECURE_NO_WARNINGS. See online help for details.
                 d:\download\visual studio 2013\vc\include\stdio.h(283) : see declaration of 'scanf'
     1>d:\download\ktlt_buoi2\bai2_phan2\bai2_phan2\bai2_phan2.cpp(221): warning C4996: 'scanf': This function or variable may be unsafe. Consider using scanf_s instead. To disable deprecation, use _CRT_SECURE_NO_WARNINGS. See online help for details.
                 d:\download\visual studio 2013\vc\include\stdio.h(283) : see declaration of 'scanf'
     1>d:\download\ktlt_buoi2\bai2_phan2\bai2_phan2\bai2_phan2.cpp(223): warning C4996: 'scanf': This function or variable may be unsafe. Consider using scanf_s instead. To disable deprecation, use _CRT_SECURE_NO_WARNINGS. See online help for details.
                 d:\download\visual studio 2013\vc\include\stdio.h(283) : see declaration of 'scanf'
     1>d:\download\ktlt_buoi2\bai2_phan2\bai2_phan2\bai2_phan2.cpp(233): warning C4996: 'scanf': This function or variable may be unsafe. Consider using scanf_s instead. To disable deprecation, use _CRT_SECURE_NO_WARNINGS. See online help for details.
                 d:\download\visual studio 2013\vc\include\stdio.h(283) : see declaration of 'scanf'
     1>d:\download\ktlt_buoi2\bai2_phan2\bai2_phan2\bai2_phan2.cpp(241): warning C4996: 'scanf': This function or variable may be unsafe. Consider using scanf_s instead. To disable deprecation, use _CRT_SECURE_NO_WARNINGS. See online help for details.
                 d:\download\visual studio 2013\vc\include\stdio.h(283) : see declaration of 'scanf'
     1>d:\download\ktlt_buoi2\bai2_phan2\bai2_phan2\bai2_phan2.cpp(249): warning C4996: 'scanf': This function or variable may be unsafe. Consider using scanf_s instead. To disable deprecation, use _CRT_SECURE_NO_WARNINGS. See online help for details.
                 d:\download\visual studio 2013\vc\include\stdio.h(283) : see declaration of 'scanf'
     1>d:\download\ktlt_buoi2\bai2_phan2\bai2_phan2\bai2_phan2.cpp(251): warning C4996: 'scanf': This function or variable may be unsafe. Consider using scanf_s instead. To disable deprecation, use _CRT_SECURE_NO_WARNINGS. See online help for details.
                 d:\download\visual studio 2013\vc\include\stdio.h(283) : see declaration of 'scanf'
     1>d:\download\ktlt_buoi2\bai2_phan2\bai2_phan2\bai2_phan2.cpp(265): warning C4996: 'scanf': This function or variable may be unsafe. Consider using scanf_s instead. To disable deprecation, use _CRT_SECURE_NO_WARNINGS. See online help for details.
                 d:\download\visual studio 2013\vc\include\stdio.h(283) : see declaration of 'scanf'
       Link:
         D:\download\visual studio 2013\VC\bin\link.exe /ERRORREPORT:PROMPT /OUT:"D:\download\KTLT_Buoi2\Bai2_Phan2\Debug\Bai2_Phan2.exe" /INCREMENTAL /NOLOGO kernel32.lib user32.lib gdi32.lib winspool.lib comdlg32.lib advapi32.lib shell32.lib ole32.lib oleaut32.lib uuid.lib odbc32.lib odbccp32.lib /MANIFEST /MANIFESTUAC:"level='asInvoker' uiAccess='false'" /manifest:embed /DEBUG /PDB:"D:\download\KTLT_Buoi2\Bai2_Phan2\Debug\Bai2_Phan2.pdb" /SUBSYSTEM:CONSOLE /TLBID:1 /DYNAMICBASE /NXCOMPAT /IMPLIB:"D:\download\KTLT_Buoi2\Bai2_Phan2\Debug\Bai2_Phan2.lib" /MACHINE:X86 Debug\Bai2_Phan2.obj
         Bai2_Phan2.vcxproj -> D:\download\KTLT_Buoi2\Bai2_Phan2\Debug\Bai2_Phan2.exe
     1>Done Building Project "D:\download\KTLT_Buoi2\Bai2_Phan2\Bai2_Phan2\Bai2_Phan2.vcxproj" (Build target(s)).

Build succeeded.

Time Elapsed 00:00:02.50
